0 info it worked if it ends with ok
1 verbose cli [ 'C:\\Program Files\\nodejs\\node.exe',
1 verbose cli   'C:\\Program Files\\nodejs\\node_modules\\npm\\bin\\npm-cli.js',
1 verbose cli   'run',
1 verbose cli   'dev' ]
2 info using npm@3.10.8
3 info using node@v6.8.1
4 warn invalid config proxy=""
5 warn invalid config Must be a full url with 'http://'
6 verbose stack Error: ENOENT: no such file or directory, open 'C:\Users\Iord\Desktop\github\todo-app-with-redux\package.json'
6 verbose stack     at Error (native)
7 verbose cwd C:\Users\Iord\Desktop\github\todo-app-with-redux
8 error Windows_NT 10.0.15063
9 error argv "C:\\Program Files\\nodejs\\node.exe" "C:\\Program Files\\nodejs\\node_modules\\npm\\bin\\npm-cli.js" "run" "dev"
10 error node v6.8.1
11 error npm  v3.10.8
12 error path C:\Users\Iord\Desktop\github\todo-app-with-redux\package.json
13 error code ENOENT
14 error errno -4058
15 error syscall open
16 error enoent ENOENT: no such file or directory, open 'C:\Users\Iord\Desktop\github\todo-app-with-redux\package.json'
17 error enoent ENOENT: no such file or directory, open 'C:\Users\Iord\Desktop\github\todo-app-with-redux\package.json'
17 error enoent This is most likely not a problem with npm itself
17 error enoent and is related to npm not being able to find a file.
18 verbose exit [ -4058, true ]
